mai. 11, 2025 6:02:08 PM liquibase.changelog
INFORMAÇÕES: Reading resource: db/changelog/migrations/db.changelog-202408191938.sql
mai. 11, 2025 6:02:08 PM liquibase.changelog
INFORMAÇÕES: Reading resource: db/changelog/migrations/db.changelog-202408210954.sql
mai. 11, 2025 6:02:08 PM liquibase.changelog
INFORMAÇÕES: Reading resource: db/changelog/migrations/db.changelog-202408211004.sql
mai. 11, 2025 6:02:08 PM liquibase.changelog
INFORMAÇÕES: Reading resource: db/changelog/migrations/db.changelog-202408211005.sql
mai. 11, 2025 6:02:09 PM liquibase.changelog
INFORMAÇÕES: Reading resource: db/changelog/migrations/db.changelog-202408281807.sql
mai. 11, 2025 6:02:09 PM liquibase.changelog
INFORMAÇÕES: Creating database history table with name: board.databasechangelog
mai. 11, 2025 6:02:09 PM liquibase.changelog
INFORMAÇÕES: Reading from board.databasechangelog
mai. 11, 2025 6:02:10 PM liquibase.executor
ADVERTÊNCIA: Name 'PK_DATABASECHANGELOGLOCK' ignored for PRIMARY key.
mai. 11, 2025 6:02:10 PM liquibase.lockservice
INFORMAÇÕES: Successfully acquired change log lock
mai. 11, 2025 6:02:10 PM liquibase.command
INFORMAÇÕES: Using deploymentId: 6997330159
mai. 11, 2025 6:02:10 PM liquibase.changelog
INFORMAÇÕES: Reading from board.databasechangelog
Running Changeset: db/changelog/migrations/db.changelog-202408191938.sql::202408191938::junior
mai. 11, 2025 6:02:10 PM liquibase.changelog
INFORMAÇÕES: Custom SQL executed
mai. 11, 2025 6:02:10 PM liquibase.changelog
INFORMAÇÕES: ChangeSet db/changelog/migrations/db.changelog-202408191938.sql::202408191938::junior ran successfully in 330ms
Running Changeset: db/changelog/migrations/db.changelog-202408210954.sql::202408191938::junior
mai. 11, 2025 6:02:10 PM liquibase.changelog
INFORMAÇÕES: Custom SQL executed
mai. 11, 2025 6:02:10 PM liquibase.changelog
INFORMAÇÕES: ChangeSet db/changelog/migrations/db.changelog-202408210954.sql::202408191938::junior ran successfully in 125ms
Running Changeset: db/changelog/migrations/db.changelog-202408211004.sql::202408191938::junior
mai. 11, 2025 6:02:10 PM liquibase.changelog
INFORMAÇÕES: Custom SQL executed
mai. 11, 2025 6:02:10 PM liquibase.changelog
INFORMAÇÕES: ChangeSet db/changelog/migrations/db.changelog-202408211004.sql::202408191938::junior ran successfully in 93ms
Running Changeset: db/changelog/migrations/db.changelog-202408211005.sql::202408191938::junior
mai. 11, 2025 6:02:10 PM liquibase.changelog
INFORMAÇÕES: Custom SQL executed
mai. 11, 2025 6:02:10 PM liquibase.changelog
INFORMAÇÕES: ChangeSet db/changelog/migrations/db.changelog-202408211005.sql::202408191938::junior ran successfully in 62ms
Running Changeset: db/changelog/migrations/db.changelog-202408281807.sql::202408191938::junior
mai. 11, 2025 6:02:11 PM liquibase.changelog
INFORMAÇÕES: Custom SQL executed
mai. 11, 2025 6:02:11 PM liquibase.changelog
INFORMAÇÕES: ChangeSet db/changelog/migrations/db.changelog-202408281807.sql::202408191938::junior ran successfully in 125ms

UPDATE SUMMARY
Run:                          5
Previously run:               0
Filtered out:                 0
-------------------------------
Total change sets:            5

mai. 11, 2025 6:02:11 PM liquibase.util
INFORMAÇÕES: UPDATE SUMMARY
mai. 11, 2025 6:02:11 PM liquibase.util
INFORMAÇÕES: Run:                          5
mai. 11, 2025 6:02:11 PM liquibase.util
INFORMAÇÕES: Previously run:               0
mai. 11, 2025 6:02:11 PM liquibase.util
INFORMAÇÕES: Filtered out:                 0
mai. 11, 2025 6:02:11 PM liquibase.util
INFORMAÇÕES: -------------------------------
mai. 11, 2025 6:02:11 PM liquibase.util
INFORMAÇÕES: Total change sets:            5
mai. 11, 2025 6:02:11 PM liquibase.util
INFORMAÇÕES: Update summary generated
mai. 11, 2025 6:02:11 PM liquibase.command
INFORMAÇÕES: Update command completed successfully.
Liquibase: Update has been successful. Rows affected: 5
mai. 11, 2025 6:02:11 PM liquibase.lockservice
INFORMAÇÕES: Successfully released change log lock
mai. 11, 2025 6:02:11 PM liquibase.command
INFORMAÇÕES: Command execution complete
